<?xml version="1.0" encoding="UTF-8"?>
<trace:TraceModel xmi:version="2.0" xmlns:xmi="http://www.omg.org/XMI" xmlns:trace="http://www.eclipse.org/gmf/2006/Trace">
  <nodeTraces visualID="2003" queryText="(let _eClass_:ecore::EClass = modelFacet.metaClass.ecoreClass in _eClass_.ePackage.nsURI = 'http://kieler.cs.cau.de/cakefeed/' and _eClass_.name = 'BasicFunctionBlockType') and (let _containmentMF_:ecore::EStructuralFeature = modelFacet.containmentMetaFeature.ecoreFeature in (let _eClass_:ecore::EClass = _containmentMF_.eContainingClass in _eClass_.ePackage.nsURI = 'http://kieler.cs.cau.de/cakefeed/' and _eClass_.name = 'BasicFunctionBlockDiagram') and _containmentMF_.name = 'bFBType')">
    <nodeLabelTraces visualID="5042" queryText="true"/>
    <compartmentTraces visualID="7007" queryText="true"/>
  </nodeTraces>
  <childNodeTraces visualID="3038" queryText="(let _eClass_:ecore::EClass = modelFacet.metaClass.ecoreClass in _eClass_.ePackage.nsURI = 'http://kieler.cs.cau.de/cakefeed/' and _eClass_.name = 'IFInputEvent') and (let _containmentMF_:ecore::EStructuralFeature = modelFacet.containmentMetaFeature.ecoreFeature in (let _eClass_:ecore::EClass = _containmentMF_.eContainingClass in _eClass_.ePackage.nsURI = 'http://kieler.cs.cau.de/cakefeed/' and _eClass_.name = 'FunctionBlockInterface') and _containmentMF_.name = 'inputEvents')">
    <nodeLabelTraces visualID="5028" queryText="true"/>
  </childNodeTraces>
  <childNodeTraces visualID="3039" queryText="(let _eClass_:ecore::EClass = modelFacet.metaClass.ecoreClass in _eClass_.ePackage.nsURI = 'http://kieler.cs.cau.de/cakefeed/' and _eClass_.name = 'IFOutputEvent') and (let _containmentMF_:ecore::EStructuralFeature = modelFacet.containmentMetaFeature.ecoreFeature in (let _eClass_:ecore::EClass = _containmentMF_.eContainingClass in _eClass_.ePackage.nsURI = 'http://kieler.cs.cau.de/cakefeed/' and _eClass_.name = 'FunctionBlockInterface') and _containmentMF_.name = 'outputEvents')">
    <nodeLabelTraces visualID="5029" queryText="true"/>
  </childNodeTraces>
  <childNodeTraces visualID="3040" queryText="(let _eClass_:ecore::EClass = modelFacet.metaClass.ecoreClass in _eClass_.ePackage.nsURI = 'http://kieler.cs.cau.de/cakefeed/' and _eClass_.name = 'IFInputVar') and (let _containmentMF_:ecore::EStructuralFeature = modelFacet.containmentMetaFeature.ecoreFeature in (let _eClass_:ecore::EClass = _containmentMF_.eContainingClass in _eClass_.ePackage.nsURI = 'http://kieler.cs.cau.de/cakefeed/' and _eClass_.name = 'FunctionBlockInterface') and _containmentMF_.name = 'inputVars')">
    <nodeLabelTraces visualID="5030" queryText="true"/>
  </childNodeTraces>
  <childNodeTraces visualID="3041" queryText="(let _eClass_:ecore::EClass = modelFacet.metaClass.ecoreClass in _eClass_.ePackage.nsURI = 'http://kieler.cs.cau.de/cakefeed/' and _eClass_.name = 'IFOutputVar') and (let _containmentMF_:ecore::EStructuralFeature = modelFacet.containmentMetaFeature.ecoreFeature in (let _eClass_:ecore::EClass = _containmentMF_.eContainingClass in _eClass_.ePackage.nsURI = 'http://kieler.cs.cau.de/cakefeed/' and _eClass_.name = 'FunctionBlockInterface') and _containmentMF_.name = 'outputVars')">
    <nodeLabelTraces visualID="5031" queryText="true"/>
  </childNodeTraces>
  <childNodeTraces visualID="3042" queryText="(let _eClass_:ecore::EClass = modelFacet.metaClass.ecoreClass in _eClass_.ePackage.nsURI = 'http://kieler.cs.cau.de/cakefeed/' and _eClass_.name = 'InternalVar') and (let _containmentMF_:ecore::EStructuralFeature = modelFacet.containmentMetaFeature.ecoreFeature in (let _eClass_:ecore::EClass = _containmentMF_.eContainingClass in _eClass_.ePackage.nsURI = 'http://kieler.cs.cau.de/cakefeed/' and _eClass_.name = 'BasicFunctionBlockType') and _containmentMF_.name = 'internalVars')">
    <nodeLabelTraces visualID="5032" queryText="true"/>
  </childNodeTraces>
  <childNodeTraces visualID="3043" queryText="(let _eClass_:ecore::EClass = modelFacet.metaClass.ecoreClass in _eClass_.ePackage.nsURI = 'http://kieler.cs.cau.de/cakefeed/' and _eClass_.name = 'FunctionBlockDiagram') and (let _containmentMF_:ecore::EStructuralFeature = modelFacet.containmentMetaFeature.ecoreFeature in (let _eClass_:ecore::EClass = _containmentMF_.eContainingClass in _eClass_.ePackage.nsURI = 'http://kieler.cs.cau.de/cakefeed/' and _eClass_.name = 'BasicFunctionBlockType') and _containmentMF_.name = 'functionBlockDiagrams')">
    <compartmentTraces visualID="7008" queryText="true"/>
  </childNodeTraces>
  <childNodeTraces visualID="3044" queryText="(let _eClass_:ecore::EClass = modelFacet.metaClass.ecoreClass in _eClass_.ePackage.nsURI = 'http://kieler.cs.cau.de/cakefeed/' and _eClass_.name = 'FunctionBlock') and (let _containmentMF_:ecore::EStructuralFeature = modelFacet.containmentMetaFeature.ecoreFeature in (let _eClass_:ecore::EClass = _containmentMF_.eContainingClass in _eClass_.ePackage.nsURI = 'http://kieler.cs.cau.de/cakefeed/' and _eClass_.name = 'FunctionBlockDiagram') and _containmentMF_.name = 'fBs')">
    <nodeLabelTraces visualID="5037" queryText="true"/>
    <nodeLabelTraces visualID="5038" queryText="true"/>
  </childNodeTraces>
  <childNodeTraces visualID="3045" queryText="(let _eClass_:ecore::EClass = modelFacet.metaClass.ecoreClass in _eClass_.ePackage.nsURI = 'http://kieler.cs.cau.de/cakefeed/' and _eClass_.name = 'FBInputEvent') and (let _containmentMF_:ecore::EStructuralFeature = modelFacet.containmentMetaFeature.ecoreFeature in (let _eClass_:ecore::EClass = _containmentMF_.eContainingClass in _eClass_.ePackage.nsURI = 'http://kieler.cs.cau.de/cakefeed/' and _eClass_.name = 'FunctionBlock') and _containmentMF_.name = 'inputEvents')">
    <nodeLabelTraces visualID="5033" queryText="true"/>
  </childNodeTraces>
  <childNodeTraces visualID="3046" queryText="(let _eClass_:ecore::EClass = modelFacet.metaClass.ecoreClass in _eClass_.ePackage.nsURI = 'http://kieler.cs.cau.de/cakefeed/' and _eClass_.name = 'FBOutputEvent') and (let _containmentMF_:ecore::EStructuralFeature = modelFacet.containmentMetaFeature.ecoreFeature in (let _eClass_:ecore::EClass = _containmentMF_.eContainingClass in _eClass_.ePackage.nsURI = 'http://kieler.cs.cau.de/cakefeed/' and _eClass_.name = 'FunctionBlock') and _containmentMF_.name = 'outputEvents')">
    <nodeLabelTraces visualID="5034" queryText="true"/>
  </childNodeTraces>
  <childNodeTraces visualID="3047" queryText="(let _eClass_:ecore::EClass = modelFacet.metaClass.ecoreClass in _eClass_.ePackage.nsURI = 'http://kieler.cs.cau.de/cakefeed/' and _eClass_.name = 'FBInputVar') and (let _containmentMF_:ecore::EStructuralFeature = modelFacet.containmentMetaFeature.ecoreFeature in (let _eClass_:ecore::EClass = _containmentMF_.eContainingClass in _eClass_.ePackage.nsURI = 'http://kieler.cs.cau.de/cakefeed/' and _eClass_.name = 'FunctionBlock') and _containmentMF_.name = 'inputVars')">
    <nodeLabelTraces visualID="5035" queryText="true"/>
  </childNodeTraces>
  <childNodeTraces visualID="3048" queryText="(let _eClass_:ecore::EClass = modelFacet.metaClass.ecoreClass in _eClass_.ePackage.nsURI = 'http://kieler.cs.cau.de/cakefeed/' and _eClass_.name = 'FBOutputVar') and (let _containmentMF_:ecore::EStructuralFeature = modelFacet.containmentMetaFeature.ecoreFeature in (let _eClass_:ecore::EClass = _containmentMF_.eContainingClass in _eClass_.ePackage.nsURI = 'http://kieler.cs.cau.de/cakefeed/' and _eClass_.name = 'FunctionBlock') and _containmentMF_.name = 'outputVars')">
    <nodeLabelTraces visualID="5036" queryText="true"/>
  </childNodeTraces>
  <childNodeTraces visualID="3049" queryText="(let _eClass_:ecore::EClass = modelFacet.metaClass.ecoreClass in _eClass_.ePackage.nsURI = 'http://kieler.cs.cau.de/cakefeed/' and _eClass_.name = 'StructuredText') and (let _containmentMF_:ecore::EStructuralFeature = modelFacet.containmentMetaFeature.ecoreFeature in (let _eClass_:ecore::EClass = _containmentMF_.eContainingClass in _eClass_.ePackage.nsURI = 'http://kieler.cs.cau.de/cakefeed/' and _eClass_.name = 'BasicFunctionBlockType') and _containmentMF_.name = 'structuredTexts')">
    <nodeLabelTraces visualID="5039" queryText="true"/>
  </childNodeTraces>
  <childNodeTraces visualID="3050" queryText="(let _eClass_:ecore::EClass = modelFacet.metaClass.ecoreClass in _eClass_.ePackage.nsURI = 'http://kieler.cs.cau.de/cakefeed/' and _eClass_.name = 'LadderDiagram') and (let _containmentMF_:ecore::EStructuralFeature = modelFacet.containmentMetaFeature.ecoreFeature in (let _eClass_:ecore::EClass = _containmentMF_.eContainingClass in _eClass_.ePackage.nsURI = 'http://kieler.cs.cau.de/cakefeed/' and _eClass_.name = 'BasicFunctionBlockType') and _containmentMF_.name = 'ladderDiagrams')">
    <nodeLabelTraces visualID="5040" queryText="true"/>
  </childNodeTraces>
  <childNodeTraces visualID="3051" queryText="(let _eClass_:ecore::EClass = modelFacet.metaClass.ecoreClass in _eClass_.ePackage.nsURI = 'http://kieler.cs.cau.de/cakefeed/' and _eClass_.name = 'OtherAlgorithm') and (let _containmentMF_:ecore::EStructuralFeature = modelFacet.containmentMetaFeature.ecoreFeature in (let _eClass_:ecore::EClass = _containmentMF_.eContainingClass in _eClass_.ePackage.nsURI = 'http://kieler.cs.cau.de/cakefeed/' and _eClass_.name = 'BasicFunctionBlockType') and _containmentMF_.name = 'otherAlgorithms')">
    <nodeLabelTraces visualID="5041" queryText="true"/>
  </childNodeTraces>
  <linkTraces visualID="4001" queryText="modelFacet.oclIsKindOf(gmfgen::TypeLinkModelFacet) and (let _eClass_:ecore::EClass = modelFacet.oclAsType(gmfgen::TypeLinkModelFacet).metaClass.ecoreClass in _eClass_.ePackage.nsURI = 'http://kieler.cs.cau.de/cakefeed/' and _eClass_.name = 'InputWith')"/>
  <linkTraces visualID="4002" queryText="modelFacet.oclIsKindOf(gmfgen::TypeLinkModelFacet) and (let _eClass_:ecore::EClass = modelFacet.oclAsType(gmfgen::TypeLinkModelFacet).metaClass.ecoreClass in _eClass_.ePackage.nsURI = 'http://kieler.cs.cau.de/cakefeed/' and _eClass_.name = 'OutputWith')"/>
  <linkTraces visualID="4005" queryText="modelFacet.oclIsKindOf(gmfgen::TypeLinkModelFacet) and (let _eClass_:ecore::EClass = modelFacet.oclAsType(gmfgen::TypeLinkModelFacet).metaClass.ecoreClass in _eClass_.ePackage.nsURI = 'http://kieler.cs.cau.de/cakefeed/' and _eClass_.name = 'FBFBDataConnection')"/>
</trace:TraceModel>
