<?xml version="1.0" encoding="UTF-8"?>
<trace:TraceModel xmi:version="2.0"
    xmlns:xmi="http://www.omg.org/XMI"
    xmlns:trace="http://www.eclipse.org/gmf/2006/Trace">
  <nodeTraces
      visualID="2001"
      queryText="(let _eClass_:ecore::EClass = modelFacet.metaClass.ecoreClass in _eClass_.ePackage.nsURI = 'http://kieler.cs.cau.de/cakefeed/system' and _eClass_.name = 'Identification') and (let _containmentMF_:ecore::EStructuralFeature = modelFacet.containmentMetaFeature.ecoreFeature in (let _eClass_:ecore::EClass = _containmentMF_.eContainingClass in _eClass_.ePackage.nsURI = 'http://kieler.cs.cau.de/cakefeed/system' and _eClass_.name = 'FBType') and _containmentMF_.name = 'Identification')"/>
  <nodeTraces
      visualID="2002"
      queryText="(let _eClass_:ecore::EClass = modelFacet.metaClass.ecoreClass in _eClass_.ePackage.nsURI = 'http://kieler.cs.cau.de/cakefeed/system' and _eClass_.name = 'VersionInfo') and (let _containmentMF_:ecore::EStructuralFeature = modelFacet.containmentMetaFeature.ecoreFeature in (let _eClass_:ecore::EClass = _containmentMF_.eContainingClass in _eClass_.ePackage.nsURI = 'http://kieler.cs.cau.de/cakefeed/system' and _eClass_.name = 'FBType') and _containmentMF_.name = 'VersionInfo')"/>
  <nodeTraces
      visualID="2003"
      queryText="(let _eClass_:ecore::EClass = modelFacet.metaClass.ecoreClass in _eClass_.ePackage.nsURI = 'http://kieler.cs.cau.de/cakefeed/system' and _eClass_.name = 'CompilerInfo') and (let _containmentMF_:ecore::EStructuralFeature = modelFacet.containmentMetaFeature.ecoreFeature in (let _eClass_:ecore::EClass = _containmentMF_.eContainingClass in _eClass_.ePackage.nsURI = 'http://kieler.cs.cau.de/cakefeed/system' and _eClass_.name = 'FBType') and _containmentMF_.name = 'CompilerInfo')">
    <compartmentTraces
        visualID="7001"
        queryText="true"/>
  </nodeTraces>
  <nodeTraces
      visualID="2004"
      queryText="(let _eClass_:ecore::EClass = modelFacet.metaClass.ecoreClass in _eClass_.ePackage.nsURI = 'http://kieler.cs.cau.de/cakefeed/system' and _eClass_.name = 'InterfaceList') and (let _containmentMF_:ecore::EStructuralFeature = modelFacet.containmentMetaFeature.ecoreFeature in (let _eClass_:ecore::EClass = _containmentMF_.eContainingClass in _eClass_.ePackage.nsURI = 'http://kieler.cs.cau.de/cakefeed/system' and _eClass_.name = 'FBType') and _containmentMF_.name = 'InterfaceList')">
    <compartmentTraces
        visualID="7002"
        queryText="true"/>
  </nodeTraces>
  <nodeTraces
      visualID="2005"
      queryText="(let _eClass_:ecore::EClass = modelFacet.metaClass.ecoreClass in _eClass_.ePackage.nsURI = 'http://kieler.cs.cau.de/cakefeed/system' and _eClass_.name = 'FBNetwork') and (let _containmentMF_:ecore::EStructuralFeature = modelFacet.containmentMetaFeature.ecoreFeature in (let _eClass_:ecore::EClass = _containmentMF_.eContainingClass in _eClass_.ePackage.nsURI = 'http://kieler.cs.cau.de/cakefeed/cfbtype' and _eClass_.name = 'CFBType') and _containmentMF_.name = 'FBNetwork')">
    <compartmentTraces
        visualID="7013"
        queryText="true"/>
  </nodeTraces>
  <nodeTraces
      visualID="2006"
      queryText="(let _eClass_:ecore::EClass = modelFacet.metaClass.ecoreClass in _eClass_.ePackage.nsURI = 'http://kieler.cs.cau.de/cakefeed/adaptertype' and _eClass_.name = 'Service') and (let _containmentMF_:ecore::EStructuralFeature = modelFacet.containmentMetaFeature.ecoreFeature in (let _eClass_:ecore::EClass = _containmentMF_.eContainingClass in _eClass_.ePackage.nsURI = 'http://kieler.cs.cau.de/cakefeed/cfbtype' and _eClass_.name = 'CFBType') and _containmentMF_.name = 'Service')">
    <compartmentTraces
        visualID="7018"
        queryText="true"/>
  </nodeTraces>
  <childNodeTraces
      visualID="3001"
      queryText="(let _eClass_:ecore::EClass = modelFacet.metaClass.ecoreClass in _eClass_.ePackage.nsURI = 'http://kieler.cs.cau.de/cakefeed/system' and _eClass_.name = 'Compiler') and (let _containmentMF_:ecore::EStructuralFeature = modelFacet.containmentMetaFeature.ecoreFeature in (let _eClass_:ecore::EClass = _containmentMF_.eContainingClass in _eClass_.ePackage.nsURI = 'http://kieler.cs.cau.de/cakefeed/system' and _eClass_.name = 'CompilerInfo') and _containmentMF_.name = 'Compiler')"/>
  <childNodeTraces
      visualID="3002"
      queryText="(let _eClass_:ecore::EClass = modelFacet.metaClass.ecoreClass in _eClass_.ePackage.nsURI = 'http://kieler.cs.cau.de/cakefeed/system' and _eClass_.name = 'EventInputs') and (let _containmentMF_:ecore::EStructuralFeature = modelFacet.containmentMetaFeature.ecoreFeature in (let _eClass_:ecore::EClass = _containmentMF_.eContainingClass in _eClass_.ePackage.nsURI = 'http://kieler.cs.cau.de/cakefeed/system' and _eClass_.name = 'InterfaceList') and _containmentMF_.name = 'EventInputs')">
    <compartmentTraces
        visualID="7003"
        queryText="true"/>
  </childNodeTraces>
  <childNodeTraces
      visualID="3003"
      queryText="(let _eClass_:ecore::EClass = modelFacet.metaClass.ecoreClass in _eClass_.ePackage.nsURI = 'http://kieler.cs.cau.de/cakefeed/system' and _eClass_.name = 'InputEvent') and (let _containmentMF_:ecore::EStructuralFeature = modelFacet.containmentMetaFeature.ecoreFeature in (let _eClass_:ecore::EClass = _containmentMF_.eContainingClass in _eClass_.ePackage.nsURI = 'http://kieler.cs.cau.de/cakefeed/system' and _eClass_.name = 'EventInputs') and _containmentMF_.name = 'Event')">
    <compartmentTraces
        visualID="7004"
        queryText="true"/>
  </childNodeTraces>
  <childNodeTraces
      visualID="3004"
      queryText="(let _eClass_:ecore::EClass = modelFacet.metaClass.ecoreClass in _eClass_.ePackage.nsURI = 'http://kieler.cs.cau.de/cakefeed/system' and _eClass_.name = 'InputWith') and (let _containmentMF_:ecore::EStructuralFeature = modelFacet.containmentMetaFeature.ecoreFeature in (let _eClass_:ecore::EClass = _containmentMF_.eContainingClass in _eClass_.ePackage.nsURI = 'http://kieler.cs.cau.de/cakefeed/system' and _eClass_.name = 'InputEvent') and _containmentMF_.name = 'With')"/>
  <childNodeTraces
      visualID="3005"
      queryText="(let _eClass_:ecore::EClass = modelFacet.metaClass.ecoreClass in _eClass_.ePackage.nsURI = 'http://kieler.cs.cau.de/cakefeed/system' and _eClass_.name = 'EventOutputs') and (let _containmentMF_:ecore::EStructuralFeature = modelFacet.containmentMetaFeature.ecoreFeature in (let _eClass_:ecore::EClass = _containmentMF_.eContainingClass in _eClass_.ePackage.nsURI = 'http://kieler.cs.cau.de/cakefeed/system' and _eClass_.name = 'InterfaceList') and _containmentMF_.name = 'EventOutputs')">
    <compartmentTraces
        visualID="7005"
        queryText="true"/>
  </childNodeTraces>
  <childNodeTraces
      visualID="3006"
      queryText="(let _eClass_:ecore::EClass = modelFacet.metaClass.ecoreClass in _eClass_.ePackage.nsURI = 'http://kieler.cs.cau.de/cakefeed/system' and _eClass_.name = 'OutputEvent') and (let _containmentMF_:ecore::EStructuralFeature = modelFacet.containmentMetaFeature.ecoreFeature in (let _eClass_:ecore::EClass = _containmentMF_.eContainingClass in _eClass_.ePackage.nsURI = 'http://kieler.cs.cau.de/cakefeed/system' and _eClass_.name = 'EventOutputs') and _containmentMF_.name = 'Event')">
    <compartmentTraces
        visualID="7006"
        queryText="true"/>
  </childNodeTraces>
  <childNodeTraces
      visualID="3007"
      queryText="(let _eClass_:ecore::EClass = modelFacet.metaClass.ecoreClass in _eClass_.ePackage.nsURI = 'http://kieler.cs.cau.de/cakefeed/system' and _eClass_.name = 'OutputWith') and (let _containmentMF_:ecore::EStructuralFeature = modelFacet.containmentMetaFeature.ecoreFeature in (let _eClass_:ecore::EClass = _containmentMF_.eContainingClass in _eClass_.ePackage.nsURI = 'http://kieler.cs.cau.de/cakefeed/system' and _eClass_.name = 'OutputEvent') and _containmentMF_.name = 'With')"/>
  <childNodeTraces
      visualID="3008"
      queryText="(let _eClass_:ecore::EClass = modelFacet.metaClass.ecoreClass in _eClass_.ePackage.nsURI = 'http://kieler.cs.cau.de/cakefeed/system' and _eClass_.name = 'InputVars') and (let _containmentMF_:ecore::EStructuralFeature = modelFacet.containmentMetaFeature.ecoreFeature in (let _eClass_:ecore::EClass = _containmentMF_.eContainingClass in _eClass_.ePackage.nsURI = 'http://kieler.cs.cau.de/cakefeed/system' and _eClass_.name = 'InterfaceList') and _containmentMF_.name = 'InputVars')">
    <compartmentTraces
        visualID="7007"
        queryText="true"/>
  </childNodeTraces>
  <childNodeTraces
      visualID="3009"
      queryText="(let _eClass_:ecore::EClass = modelFacet.metaClass.ecoreClass in _eClass_.ePackage.nsURI = 'http://kieler.cs.cau.de/cakefeed/system' and _eClass_.name = 'InputVarDeclaration') and (let _containmentMF_:ecore::EStructuralFeature = modelFacet.containmentMetaFeature.ecoreFeature in (let _eClass_:ecore::EClass = _containmentMF_.eContainingClass in _eClass_.ePackage.nsURI = 'http://kieler.cs.cau.de/cakefeed/system' and _eClass_.name = 'InputVars') and _containmentMF_.name = 'VarDeclaration')"/>
  <childNodeTraces
      visualID="3010"
      queryText="(let _eClass_:ecore::EClass = modelFacet.metaClass.ecoreClass in _eClass_.ePackage.nsURI = 'http://kieler.cs.cau.de/cakefeed/system' and _eClass_.name = 'OutputVars') and (let _containmentMF_:ecore::EStructuralFeature = modelFacet.containmentMetaFeature.ecoreFeature in (let _eClass_:ecore::EClass = _containmentMF_.eContainingClass in _eClass_.ePackage.nsURI = 'http://kieler.cs.cau.de/cakefeed/system' and _eClass_.name = 'InterfaceList') and _containmentMF_.name = 'OutputVars')">
    <compartmentTraces
        visualID="7008"
        queryText="true"/>
  </childNodeTraces>
  <childNodeTraces
      visualID="3011"
      queryText="(let _eClass_:ecore::EClass = modelFacet.metaClass.ecoreClass in _eClass_.ePackage.nsURI = 'http://kieler.cs.cau.de/cakefeed/system' and _eClass_.name = 'OutputVarDeclaration') and (let _containmentMF_:ecore::EStructuralFeature = modelFacet.containmentMetaFeature.ecoreFeature in (let _eClass_:ecore::EClass = _containmentMF_.eContainingClass in _eClass_.ePackage.nsURI = 'http://kieler.cs.cau.de/cakefeed/system' and _eClass_.name = 'OutputVars') and _containmentMF_.name = 'VarDeclaration')"/>
  <childNodeTraces
      visualID="3012"
      queryText="(let _eClass_:ecore::EClass = modelFacet.metaClass.ecoreClass in _eClass_.ePackage.nsURI = 'http://kieler.cs.cau.de/cakefeed/system' and _eClass_.name = 'Sockets') and (let _containmentMF_:ecore::EStructuralFeature = modelFacet.containmentMetaFeature.ecoreFeature in (let _eClass_:ecore::EClass = _containmentMF_.eContainingClass in _eClass_.ePackage.nsURI = 'http://kieler.cs.cau.de/cakefeed/system' and _eClass_.name = 'InterfaceList') and _containmentMF_.name = 'Sockets')">
    <compartmentTraces
        visualID="7009"
        queryText="true"/>
  </childNodeTraces>
  <childNodeTraces
      visualID="3013"
      queryText="(let _eClass_:ecore::EClass = modelFacet.metaClass.ecoreClass in _eClass_.ePackage.nsURI = 'http://kieler.cs.cau.de/cakefeed/system' and _eClass_.name = 'AdapterDeclaration') and (let _containmentMF_:ecore::EStructuralFeature = modelFacet.containmentMetaFeature.ecoreFeature in (let _eClass_:ecore::EClass = _containmentMF_.eContainingClass in _eClass_.ePackage.nsURI = 'http://kieler.cs.cau.de/cakefeed/system' and _eClass_.name = 'Sockets') and _containmentMF_.name = 'AdapterDeclaration')">
    <compartmentTraces
        visualID="7010"
        queryText="true"/>
  </childNodeTraces>
  <childNodeTraces
      visualID="3014"
      queryText="(let _eClass_:ecore::EClass = modelFacet.metaClass.ecoreClass in _eClass_.ePackage.nsURI = 'http://kieler.cs.cau.de/cakefeed/system' and _eClass_.name = 'Parameter') and (let _containmentMF_:ecore::EStructuralFeature = modelFacet.containmentMetaFeature.ecoreFeature in (let _eClass_:ecore::EClass = _containmentMF_.eContainingClass in _eClass_.ePackage.nsURI = 'http://kieler.cs.cau.de/cakefeed/system' and _eClass_.name = 'AdapterDeclaration') and _containmentMF_.name = 'Parameter')"/>
  <childNodeTraces
      visualID="3015"
      queryText="(let _eClass_:ecore::EClass = modelFacet.metaClass.ecoreClass in _eClass_.ePackage.nsURI = 'http://kieler.cs.cau.de/cakefeed/system' and _eClass_.name = 'Plugs') and (let _containmentMF_:ecore::EStructuralFeature = modelFacet.containmentMetaFeature.ecoreFeature in (let _eClass_:ecore::EClass = _containmentMF_.eContainingClass in _eClass_.ePackage.nsURI = 'http://kieler.cs.cau.de/cakefeed/system' and _eClass_.name = 'InterfaceList') and _containmentMF_.name = 'Plugs')">
    <compartmentTraces
        visualID="7011"
        queryText="true"/>
  </childNodeTraces>
  <childNodeTraces
      visualID="3016"
      queryText="(let _eClass_:ecore::EClass = modelFacet.metaClass.ecoreClass in _eClass_.ePackage.nsURI = 'http://kieler.cs.cau.de/cakefeed/system' and _eClass_.name = 'AdapterDeclaration') and (let _containmentMF_:ecore::EStructuralFeature = modelFacet.containmentMetaFeature.ecoreFeature in (let _eClass_:ecore::EClass = _containmentMF_.eContainingClass in _eClass_.ePackage.nsURI = 'http://kieler.cs.cau.de/cakefeed/system' and _eClass_.name = 'Plugs') and _containmentMF_.name = 'AdapterDeclaration')">
    <compartmentTraces
        visualID="7012"
        queryText="true"/>
  </childNodeTraces>
  <childNodeTraces
      visualID="3017"
      queryText="(let _eClass_:ecore::EClass = modelFacet.metaClass.ecoreClass in _eClass_.ePackage.nsURI = 'http://kieler.cs.cau.de/cakefeed/system' and _eClass_.name = 'FB') and (let _containmentMF_:ecore::EStructuralFeature = modelFacet.containmentMetaFeature.ecoreFeature in (let _eClass_:ecore::EClass = _containmentMF_.eContainingClass in _eClass_.ePackage.nsURI = 'http://kieler.cs.cau.de/cakefeed/system' and _eClass_.name = 'FBNetwork') and _containmentMF_.name = 'FB')">
    <compartmentTraces
        visualID="7014"
        queryText="true"/>
  </childNodeTraces>
  <childNodeTraces
      visualID="3018"
      queryText="(let _eClass_:ecore::EClass = modelFacet.metaClass.ecoreClass in _eClass_.ePackage.nsURI = 'http://kieler.cs.cau.de/cakefeed/system' and _eClass_.name = 'Parameter') and (let _containmentMF_:ecore::EStructuralFeature = modelFacet.containmentMetaFeature.ecoreFeature in (let _eClass_:ecore::EClass = _containmentMF_.eContainingClass in _eClass_.ePackage.nsURI = 'http://kieler.cs.cau.de/cakefeed/system' and _eClass_.name = 'FB') and _containmentMF_.name = 'Parameter')"/>
  <childNodeTraces
      visualID="3019"
      queryText="(let _eClass_:ecore::EClass = modelFacet.metaClass.ecoreClass in _eClass_.ePackage.nsURI = 'http://kieler.cs.cau.de/cakefeed/system' and _eClass_.name = 'EventConnections') and (let _containmentMF_:ecore::EStructuralFeature = modelFacet.containmentMetaFeature.ecoreFeature in (let _eClass_:ecore::EClass = _containmentMF_.eContainingClass in _eClass_.ePackage.nsURI = 'http://kieler.cs.cau.de/cakefeed/system' and _eClass_.name = 'FBNetwork') and _containmentMF_.name = 'EventConnections')">
    <compartmentTraces
        visualID="7015"
        queryText="true"/>
  </childNodeTraces>
  <childNodeTraces
      visualID="3020"
      queryText="(let _eClass_:ecore::EClass = modelFacet.metaClass.ecoreClass in _eClass_.ePackage.nsURI = 'http://kieler.cs.cau.de/cakefeed/system' and _eClass_.name = 'EventConnection') and (let _containmentMF_:ecore::EStructuralFeature = modelFacet.containmentMetaFeature.ecoreFeature in (let _eClass_:ecore::EClass = _containmentMF_.eContainingClass in _eClass_.ePackage.nsURI = 'http://kieler.cs.cau.de/cakefeed/system' and _eClass_.name = 'EventConnections') and _containmentMF_.name = 'Connection')"/>
  <childNodeTraces
      visualID="3021"
      queryText="(let _eClass_:ecore::EClass = modelFacet.metaClass.ecoreClass in _eClass_.ePackage.nsURI = 'http://kieler.cs.cau.de/cakefeed/system' and _eClass_.name = 'DataConnections') and (let _containmentMF_:ecore::EStructuralFeature = modelFacet.containmentMetaFeature.ecoreFeature in (let _eClass_:ecore::EClass = _containmentMF_.eContainingClass in _eClass_.ePackage.nsURI = 'http://kieler.cs.cau.de/cakefeed/system' and _eClass_.name = 'FBNetwork') and _containmentMF_.name = 'DataConnections')">
    <compartmentTraces
        visualID="7016"
        queryText="true"/>
  </childNodeTraces>
  <childNodeTraces
      visualID="3022"
      queryText="(let _eClass_:ecore::EClass = modelFacet.metaClass.ecoreClass in _eClass_.ePackage.nsURI = 'http://kieler.cs.cau.de/cakefeed/system' and _eClass_.name = 'DataConnection') and (let _containmentMF_:ecore::EStructuralFeature = modelFacet.containmentMetaFeature.ecoreFeature in (let _eClass_:ecore::EClass = _containmentMF_.eContainingClass in _eClass_.ePackage.nsURI = 'http://kieler.cs.cau.de/cakefeed/system' and _eClass_.name = 'DataConnections') and _containmentMF_.name = 'Connection')"/>
  <childNodeTraces
      visualID="3023"
      queryText="(let _eClass_:ecore::EClass = modelFacet.metaClass.ecoreClass in _eClass_.ePackage.nsURI = 'http://kieler.cs.cau.de/cakefeed/system' and _eClass_.name = 'AdapterConnections') and (let _containmentMF_:ecore::EStructuralFeature = modelFacet.containmentMetaFeature.ecoreFeature in (let _eClass_:ecore::EClass = _containmentMF_.eContainingClass in _eClass_.ePackage.nsURI = 'http://kieler.cs.cau.de/cakefeed/system' and _eClass_.name = 'FBNetwork') and _containmentMF_.name = 'AdapterConnections')">
    <compartmentTraces
        visualID="7017"
        queryText="true"/>
  </childNodeTraces>
  <childNodeTraces
      visualID="3024"
      queryText="(let _eClass_:ecore::EClass = modelFacet.metaClass.ecoreClass in _eClass_.ePackage.nsURI = 'http://kieler.cs.cau.de/cakefeed/system' and _eClass_.name = 'Connection') and (let _containmentMF_:ecore::EStructuralFeature = modelFacet.containmentMetaFeature.ecoreFeature in (let _eClass_:ecore::EClass = _containmentMF_.eContainingClass in _eClass_.ePackage.nsURI = 'http://kieler.cs.cau.de/cakefeed/system' and _eClass_.name = 'AdapterConnections') and _containmentMF_.name = 'Connection')"/>
  <childNodeTraces
      visualID="3025"
      queryText="(let _eClass_:ecore::EClass = modelFacet.metaClass.ecoreClass in _eClass_.ePackage.nsURI = 'http://kieler.cs.cau.de/cakefeed/adaptertype' and _eClass_.name = 'ServiceSequence') and (let _containmentMF_:ecore::EStructuralFeature = modelFacet.containmentMetaFeature.ecoreFeature in (let _eClass_:ecore::EClass = _containmentMF_.eContainingClass in _eClass_.ePackage.nsURI = 'http://kieler.cs.cau.de/cakefeed/adaptertype' and _eClass_.name = 'Service') and _containmentMF_.name = 'ServiceSequence')">
    <compartmentTraces
        visualID="7019"
        queryText="true"/>
  </childNodeTraces>
  <childNodeTraces
      visualID="3026"
      queryText="(let _eClass_:ecore::EClass = modelFacet.metaClass.ecoreClass in _eClass_.ePackage.nsURI = 'http://kieler.cs.cau.de/cakefeed/adaptertype' and _eClass_.name = 'ServiceTransaction') and (let _containmentMF_:ecore::EStructuralFeature = modelFacet.containmentMetaFeature.ecoreFeature in (let _eClass_:ecore::EClass = _containmentMF_.eContainingClass in _eClass_.ePackage.nsURI = 'http://kieler.cs.cau.de/cakefeed/adaptertype' and _eClass_.name = 'ServiceSequence') and _containmentMF_.name = 'ServiceTransaction')">
    <compartmentTraces
        visualID="7020"
        queryText="true"/>
  </childNodeTraces>
  <childNodeTraces
      visualID="3027"
      queryText="(let _eClass_:ecore::EClass = modelFacet.metaClass.ecoreClass in _eClass_.ePackage.nsURI = 'http://kieler.cs.cau.de/cakefeed/adaptertype' and _eClass_.name = 'InputPrimitive') and (let _containmentMF_:ecore::EStructuralFeature = modelFacet.containmentMetaFeature.ecoreFeature in (let _eClass_:ecore::EClass = _containmentMF_.eContainingClass in _eClass_.ePackage.nsURI = 'http://kieler.cs.cau.de/cakefeed/adaptertype' and _eClass_.name = 'ServiceTransaction') and _containmentMF_.name = 'InputPrimitive')"/>
  <childNodeTraces
      visualID="3028"
      queryText="(let _eClass_:ecore::EClass = modelFacet.metaClass.ecoreClass in _eClass_.ePackage.nsURI = 'http://kieler.cs.cau.de/cakefeed/adaptertype' and _eClass_.name = 'OutputPrimitive') and (let _containmentMF_:ecore::EStructuralFeature = modelFacet.containmentMetaFeature.ecoreFeature in (let _eClass_:ecore::EClass = _containmentMF_.eContainingClass in _eClass_.ePackage.nsURI = 'http://kieler.cs.cau.de/cakefeed/adaptertype' and _eClass_.name = 'ServiceTransaction') and _containmentMF_.name = 'OutputPrimitive')"/>
</trace:TraceModel>
