<?xml version="1.0" encoding="UTF-8"?>
<trace:TraceModel xmi:version="2.0" xmlns:xmi="http://www.omg.org/XMI" xmlns:trace="http://www.eclipse.org/gmf/2006/Trace">
  <nodeTraces visualID="2002" queryText="(let _eClass_:ecore::EClass = modelFacet.metaClass.ecoreClass in _eClass_.ePackage.nsURI = 'http://kieler.cs.cau.de/cakefeed/' and _eClass_.name = 'FunctionBlock') and (let _containmentMF_:ecore::EStructuralFeature = modelFacet.containmentMetaFeature.ecoreFeature in (let _eClass_:ecore::EClass = _containmentMF_.eContainingClass in _eClass_.ePackage.nsURI = 'http://kieler.cs.cau.de/cakefeed/' and _eClass_.name = 'FunctionBlockNetwork') and _containmentMF_.name = 'fBs')">
    <nodeLabelTraces visualID="5011" queryText="true"/>
    <nodeLabelTraces visualID="5012" queryText="true"/>
  </nodeTraces>
  <childNodeTraces visualID="3005" queryText="(let _eClass_:ecore::EClass = modelFacet.metaClass.ecoreClass in _eClass_.ePackage.nsURI = 'http://kieler.cs.cau.de/cakefeed/' and _eClass_.name = 'FBInputEvent') and (let _containmentMF_:ecore::EStructuralFeature = modelFacet.containmentMetaFeature.ecoreFeature in (let _eClass_:ecore::EClass = _containmentMF_.eContainingClass in _eClass_.ePackage.nsURI = 'http://kieler.cs.cau.de/cakefeed/' and _eClass_.name = 'FunctionBlock') and _containmentMF_.name = 'inputEvents')">
    <nodeLabelTraces visualID="5007" queryText="true"/>
  </childNodeTraces>
  <childNodeTraces visualID="3006" queryText="(let _eClass_:ecore::EClass = modelFacet.metaClass.ecoreClass in _eClass_.ePackage.nsURI = 'http://kieler.cs.cau.de/cakefeed/' and _eClass_.name = 'FBOutputEvent') and (let _containmentMF_:ecore::EStructuralFeature = modelFacet.containmentMetaFeature.ecoreFeature in (let _eClass_:ecore::EClass = _containmentMF_.eContainingClass in _eClass_.ePackage.nsURI = 'http://kieler.cs.cau.de/cakefeed/' and _eClass_.name = 'FunctionBlock') and _containmentMF_.name = 'outputEvents')">
    <nodeLabelTraces visualID="5008" queryText="true"/>
  </childNodeTraces>
  <childNodeTraces visualID="3007" queryText="(let _eClass_:ecore::EClass = modelFacet.metaClass.ecoreClass in _eClass_.ePackage.nsURI = 'http://kieler.cs.cau.de/cakefeed/' and _eClass_.name = 'FBInputVar') and (let _containmentMF_:ecore::EStructuralFeature = modelFacet.containmentMetaFeature.ecoreFeature in (let _eClass_:ecore::EClass = _containmentMF_.eContainingClass in _eClass_.ePackage.nsURI = 'http://kieler.cs.cau.de/cakefeed/' and _eClass_.name = 'FunctionBlock') and _containmentMF_.name = 'inputVars')">
    <nodeLabelTraces visualID="5009" queryText="true"/>
  </childNodeTraces>
  <childNodeTraces visualID="3008" queryText="(let _eClass_:ecore::EClass = modelFacet.metaClass.ecoreClass in _eClass_.ePackage.nsURI = 'http://kieler.cs.cau.de/cakefeed/' and _eClass_.name = 'FBOutputVar') and (let _containmentMF_:ecore::EStructuralFeature = modelFacet.containmentMetaFeature.ecoreFeature in (let _eClass_:ecore::EClass = _containmentMF_.eContainingClass in _eClass_.ePackage.nsURI = 'http://kieler.cs.cau.de/cakefeed/' and _eClass_.name = 'FunctionBlock') and _containmentMF_.name = 'outputVars')">
    <nodeLabelTraces visualID="5010" queryText="true"/>
  </childNodeTraces>
  <linkTraces visualID="4001" queryText="modelFacet.oclIsKindOf(gmfgen::TypeLinkModelFacet) and (let _eClass_:ecore::EClass = modelFacet.oclAsType(gmfgen::TypeLinkModelFacet).metaClass.ecoreClass in _eClass_.ePackage.nsURI = 'http://kieler.cs.cau.de/cakefeed/' and _eClass_.name = 'FBFBEventConnection')"/>
  <linkTraces visualID="4002" queryText="modelFacet.oclIsKindOf(gmfgen::TypeLinkModelFacet) and (let _eClass_:ecore::EClass = modelFacet.oclAsType(gmfgen::TypeLinkModelFacet).metaClass.ecoreClass in _eClass_.ePackage.nsURI = 'http://kieler.cs.cau.de/cakefeed/' and _eClass_.name = 'FBFBDataConnection')"/>
</trace:TraceModel>
