------- Makefile Execution Start --------

Microsoft (R) Program Maintenance-Dienstprogramm: Version 6.00.8168.0
Copyright (C) Microsoft Corp 1988-1998. Alle Rechte vorbehalten.

	cl -I"."  -I"C:/Programme/Esterel Technologies/Scade60b1/libraries/libmathext" -I"C:/Programme/Esterel Technologies/Scade60b1/lib" -I"U:/shared/modelgui/trunk/scade6_example" -I"U:/shared/modelgui/trunk/scade6_example/Simulation" -I"C:/Programme/Esterel Technologies/Scade60b1/include" -I"C:/Programme/Esterel Technologies/Scade60b1/include/config" -I"C:/Programme/Esterel Technologies/Scade60b1/lib/include" /nologo /D "WIN32" /D "_DEBUG" /D "_CONSOLE" /D "_MBCS"  /D "SIM" -c ./kcg_consts.c /Fo./win32/kcg_consts.obj
kcg_consts.c
	cl -I"."  -I"C:/Programme/Esterel Technologies/Scade60b1/libraries/libmathext" -I"C:/Programme/Esterel Technologies/Scade60b1/lib" -I"U:/shared/modelgui/trunk/scade6_example" -I"U:/shared/modelgui/trunk/scade6_example/Simulation" -I"C:/Programme/Esterel Technologies/Scade60b1/include" -I"C:/Programme/Esterel Technologies/Scade60b1/include/config" -I"C:/Programme/Esterel Technologies/Scade60b1/lib/include" /nologo /D "WIN32" /D "_DEBUG" /D "_CONSOLE" /D "_MBCS"  /D "SIM" -c ./Counter_0__pwlinear.c /Fo./win32/Counter_0__pwlinear.obj
Counter_0__pwlinear.c
	cl -I"."  -I"C:/Programme/Esterel Technologies/Scade60b1/libraries/libmathext" -I"C:/Programme/Esterel Technologies/Scade60b1/lib" -I"U:/shared/modelgui/trunk/scade6_example" -I"U:/shared/modelgui/trunk/scade6_example/Simulation" -I"C:/Programme/Esterel Technologies/Scade60b1/include" -I"C:/Programme/Esterel Technologies/Scade60b1/include/config" -I"C:/Programme/Esterel Technologies/Scade60b1/lib/include" /nologo /D "WIN32" /D "_DEBUG" /D "_CONSOLE" /D "_MBCS"  /D "SIM" -c ./count_down__digital.c /Fo./win32/count_down__digital.obj
count_down__digital.c
	cl -I"."  -I"C:/Programme/Esterel Technologies/Scade60b1/libraries/libmathext" -I"C:/Programme/Esterel Technologies/Scade60b1/lib" -I"U:/shared/modelgui/trunk/scade6_example" -I"U:/shared/modelgui/trunk/scade6_example/Simulation" -I"C:/Programme/Esterel Technologies/Scade60b1/include" -I"C:/Programme/Esterel Technologies/Scade60b1/include/config" -I"C:/Programme/Esterel Technologies/Scade60b1/lib/include" /nologo /D "WIN32" /D "_DEBUG" /D "_CONSOLE" /D "_MBCS"  /D "SIM" -c ./RisingEdgeRetrigger__digital.c /Fo./win32/RisingEdgeRetrigger__digital.obj
RisingEdgeRetrigger__digital.c
	cl -I"."  -I"C:/Programme/Esterel Technologies/Scade60b1/libraries/libmathext" -I"C:/Programme/Esterel Technologies/Scade60b1/lib" -I"U:/shared/modelgui/trunk/scade6_example" -I"U:/shared/modelgui/trunk/scade6_example/Simulation" -I"C:/Programme/Esterel Technologies/Scade60b1/include" -I"C:/Programme/Esterel Technologies/Scade60b1/include/config" -I"C:/Programme/Esterel Technologies/Scade60b1/lib/include" /nologo /D "WIN32" /D "_DEBUG" /D "_CONSOLE" /D "_MBCS"  /D "SIM" -c ./elevator__elevator.c /Fo./win32/elevator__elevator.obj
elevator__elevator.c
	cl -I"."  -I"C:/Programme/Esterel Technologies/Scade60b1/libraries/libmathext" -I"C:/Programme/Esterel Technologies/Scade60b1/lib" -I"U:/shared/modelgui/trunk/scade6_example" -I"U:/shared/modelgui/trunk/scade6_example/Simulation" -I"C:/Programme/Esterel Technologies/Scade60b1/include" -I"C:/Programme/Esterel Technologies/Scade60b1/include/config" -I"C:/Programme/Esterel Technologies/Scade60b1/lib/include" /nologo /D "WIN32" /D "_DEBUG" /D "_CONSOLE" /D "_MBCS"  /D "SIM" -c ./Simulation__simulation.c /Fo./win32/Simulation__simulation.obj
Simulation__simulation.c
	cl -I"."  -I"C:/Programme/Esterel Technologies/Scade60b1/libraries/libmathext" -I"U:/shared/modelgui/trunk/scade6_example/Simulation" -I"C:/Programme/Esterel Technologies/Scade60b1/lib" -I"U:/shared/modelgui/trunk/scade6_example" -I"C:/Programme/Esterel Technologies/Scade60b1/include" -I"C:/Programme/Esterel Technologies/Scade60b1/include/config" -I"C:/Programme/Esterel Technologies/Scade60b1/lib/include" /nologo /D "WIN32" /D "_DEBUG" /D "_CONSOLE" /D "_MBCS"  /D "SIM" -c ./simulation__Simulation_interface.c /Fo./win32/simulation__Simulation_interface.obj
simulation__Simulation_interface.c
	cl -I"."  -I"C:/Programme/Esterel Technologies/Scade60b1/libraries/libmathext" -I"U:/shared/modelgui/trunk/scade6_example/Simulation" -I"C:/Programme/Esterel Technologies/Scade60b1/lib" -I"U:/shared/modelgui/trunk/scade6_example" -I"C:/Programme/Esterel Technologies/Scade60b1/include" -I"C:/Programme/Esterel Technologies/Scade60b1/include/config" -I"C:/Programme/Esterel Technologies/Scade60b1/lib/include" /nologo /D "WIN32" /D "_DEBUG" /D "_CONSOLE" /D "_MBCS"  /D "SIM" -c ./simulation__Simulation_type.c /Fo./win32/simulation__Simulation_type.obj
simulation__Simulation_type.c
	link @C:\DOKUME~1\haf\LOKALE~1\Temp\7\nma04492.
   Bibliothek simulation__Simulation.lib und Objekt simulation__Simulation.exp wird erstellt
------- Makefile Execution End --------
