-- This file has been generated by KCG6 --
*** Semantic Warning (WAR_3): Unused local variable
  at file C:/DOKUME~1/haf/LOKALE~1/Temp/7/kcg60_7972.scade, line 361, character 4
  at path digital::Int2BoolVect/terminator_tmp/
 The local variable terminator_tmp has been defined but is never used
*** Semantic Warning (WAR_3): Unused local variable
  at file C:/DOKUME~1/haf/LOKALE~1/Temp/7/kcg60_7972.scade, line 510, character 4
  at path truthtables::TruthTable/Terminator_tmp/
 The local variable Terminator_tmp has been defined but is never used
-- Generation of this file completed succesfully --
-- Generated by ReLuC 0.81 (9/5/2007 16:31:2) 
-- ReluC -target_dir U:/shared/modelgui/trunk/scade6_example/Simulation -target C -O 0 -debug -probes -node simulation::Simulation -mk_file kcg_files.txt -trace_file Simulation__simulation_map.xml -p4 U:/shared/modelgui/trunk/scade6_example/Simulation/Simulation__simulation.mst C:/DOKUME~1/haf/LOKALE~1/Temp/7/kcg60_7972.scade 

#### Counter_0__pwlinear.init ####
#### Counter_0__pwlinear.cycle ####
#### count_down__digital.init ####
#### count_down__digital.cycle ####
#### RisingEdgeRetrigger__digital.init ####
#### RisingEdgeRetrigger__digital.cycle ####
#### elevator__elevator.init ####
#### elevator__elevator.cycle ####
#### Simulation__simulation.init ####
#### Simulation__simulation.cycle ####

/*$ -------------------------------  KCG V6.0  -------------------------------* 
 * End of file Simulation__simulation.log                                     *
 * End of generation (DD/MM/YYYY): 09/05/2007 16:31:02                        *
 *-------------------------------------------------------------------------- $*/
