<?xml version="1.0" encoding="UTF-8"?>
<trace:TraceModel xmi:version="2.0"
    xmlns:xmi="http://www.omg.org/XMI"
    xmlns:trace="http://www.eclipse.org/gmf/2006/Trace">
  <nodeTraces
      visualID="2007"
      queryText="(let _eClass_:ecore::EClass = modelFacet.metaClass.ecoreClass in _eClass_.ePackage.nsURI = 'http://www.informatik.uni-kiel.de/rtsys/ssm2' and _eClass_.name = 'Region') and (let _containmentMF_:ecore::EStructuralFeature = modelFacet.containmentMetaFeature.ecoreFeature in (let _eClass_:ecore::EClass = _containmentMF_.eContainingClass in _eClass_.ePackage.nsURI = 'http://www.informatik.uni-kiel.de/rtsys/ssm2' and _eClass_.name = 'State') and _containmentMF_.name = 'regions')">
    <compartmentTraces
        visualID="7022"
        queryText="true"/>
  </nodeTraces>
  <childNodeTraces
      visualID="3002"
      queryText="(let _eClass_:ecore::EClass = modelFacet.metaClass.ecoreClass in _eClass_.ePackage.nsURI = 'http://www.informatik.uni-kiel.de/rtsys/ssm2' and _eClass_.name = 'Signal') and (let _containmentMF_:ecore::EStructuralFeature = modelFacet.containmentMetaFeature.ecoreFeature in (let _eClass_:ecore::EClass = _containmentMF_.eContainingClass in _eClass_.ePackage.nsURI = 'http://www.informatik.uni-kiel.de/rtsys/ssm2' and _eClass_.name = 'State') and _containmentMF_.name = 'signals')"/>
  <childNodeTraces
      visualID="3003"
      queryText="(let _eClass_:ecore::EClass = modelFacet.metaClass.ecoreClass in _eClass_.ePackage.nsURI = 'http://www.informatik.uni-kiel.de/rtsys/ssm2' and _eClass_.name = 'Action') and (let _containmentMF_:ecore::EStructuralFeature = modelFacet.containmentMetaFeature.ecoreFeature in (let _eClass_:ecore::EClass = _containmentMF_.eContainingClass in _eClass_.ePackage.nsURI = 'http://www.informatik.uni-kiel.de/rtsys/ssm2' and _eClass_.name = 'State') and _containmentMF_.name = 'entryActions')"/>
  <childNodeTraces
      visualID="3004"
      queryText="(let _eClass_:ecore::EClass = modelFacet.metaClass.ecoreClass in _eClass_.ePackage.nsURI = 'http://www.informatik.uni-kiel.de/rtsys/ssm2' and _eClass_.name = 'Action') and (let _containmentMF_:ecore::EStructuralFeature = modelFacet.containmentMetaFeature.ecoreFeature in (let _eClass_:ecore::EClass = _containmentMF_.eContainingClass in _eClass_.ePackage.nsURI = 'http://www.informatik.uni-kiel.de/rtsys/ssm2' and _eClass_.name = 'State') and _containmentMF_.name = 'innerActions')"/>
  <childNodeTraces
      visualID="3005"
      queryText="(let _eClass_:ecore::EClass = modelFacet.metaClass.ecoreClass in _eClass_.ePackage.nsURI = 'http://www.informatik.uni-kiel.de/rtsys/ssm2' and _eClass_.name = 'Action') and (let _containmentMF_:ecore::EStructuralFeature = modelFacet.containmentMetaFeature.ecoreFeature in (let _eClass_:ecore::EClass = _containmentMF_.eContainingClass in _eClass_.ePackage.nsURI = 'http://www.informatik.uni-kiel.de/rtsys/ssm2' and _eClass_.name = 'State') and _containmentMF_.name = 'exitActions')"/>
  <childNodeTraces
      visualID="3006"
      queryText="(let _eClass_:ecore::EClass = modelFacet.metaClass.ecoreClass in _eClass_.ePackage.nsURI = 'http://www.informatik.uni-kiel.de/rtsys/ssm2' and _eClass_.name = 'Region') and (let _containmentMF_:ecore::EStructuralFeature = modelFacet.containmentMetaFeature.ecoreFeature in (let _eClass_:ecore::EClass = _containmentMF_.eContainingClass in _eClass_.ePackage.nsURI = 'http://www.informatik.uni-kiel.de/rtsys/ssm2' and _eClass_.name = 'State') and _containmentMF_.name = 'regions')">
    <compartmentTraces
        visualID="7023"
        queryText="true"/>
  </childNodeTraces>
  <childNodeTraces
      visualID="3007"
      queryText="(let _eClass_:ecore::EClass = modelFacet.metaClass.ecoreClass in _eClass_.ePackage.nsURI = 'http://www.informatik.uni-kiel.de/rtsys/ssm2' and _eClass_.name = 'State') and (let _containmentMF_:ecore::EStructuralFeature = modelFacet.containmentMetaFeature.ecoreFeature in (let _eClass_:ecore::EClass = _containmentMF_.eContainingClass in _eClass_.ePackage.nsURI = 'http://www.informatik.uni-kiel.de/rtsys/ssm2' and _eClass_.name = 'Region') and _containmentMF_.name = 'innerStates')">
    <nodeLabelTraces
        visualID="5008"
        queryText="true"/>
    <compartmentTraces
        visualID="7017"
        queryText="true"/>
    <compartmentTraces
        visualID="7018"
        queryText="true"/>
    <compartmentTraces
        visualID="7019"
        queryText="true"/>
    <compartmentTraces
        visualID="7020"
        queryText="true"/>
    <compartmentTraces
        visualID="7021"
        queryText="true"/>
  </childNodeTraces>
  <linkTraces
      visualID="4001"
      queryText="modelFacet.oclIsKindOf(gmfgen::TypeLinkModelFacet) and (let _eClass_:ecore::EClass = modelFacet.oclAsType(gmfgen::TypeLinkModelFacet).metaClass.ecoreClass in _eClass_.ePackage.nsURI = 'http://www.informatik.uni-kiel.de/rtsys/ssm2' and _eClass_.name = 'Transition')">
    <linkLabelTraces
        visualID="6001"
        queryText="true"/>
  </linkTraces>
</trace:TraceModel>
