------- Start (Tuesday, 16 January 2007, 14:24:19)  ------
-------- Command line ------
"C:/Programme/Esterel Technologies/Scade51/bin/l4simKal51_bin.exe" -file Elevator.lus -node Elevator -noexp @ALL@ -keep_named_var -const -bitwise -loc_ctx -no_copy_mem -debug
============ instance graph ==============
root Elevator (00379F60) (4 /= call(s))
   16 local(s): _L5_Elevator,_L9_Elevator,_L15_Elevator,_L16_Elevator,_L17_Elevator,_L18_Elevator,_L19_Elevator,_L20_Elevator,_L22_Elevator,_L23_Elevator,_L24_Elevator,_L25_Elevator,_L28_Elevator,_L27_Elevator,_L26_Elevator,_L33_Elevator
   + [1] B<00E4FAF0> <_C_1_Second> unexp Second (00ED1750) {_C_1_Second} (1 /= call(s))
      4 local(s): _L2_Elevator,_L3_Elevator,_L4_Elevator,_L5_Elevator
      + [1] B<00E4FBB8> <_C_1_ClockCounter> unexp ClockCounter (00ED1780) {_C_1_ClockCounter}
         8 local(s): _L1_Elevator,_L2_Elevator,_L6_Elevator,_L7_Elevator,_L8_Elevator,_L11_Elevator,_L13_Elevator,_L16_Elevator
   + [1] B<00E4FA28> <_C_1_Position> unexp Position (00ED1720) {_C_1_Position}
      2 local(s): _L1_Elevator,_L2_Elevator
   + [1] B<00E4F898> <_C_1_Controller> unexp Controller (00ED16F0) {_C_1_Controller}
      40 local(s): _LE0_Elevator,_LE1_Elevator,_LE2_Elevator,_LE3_Elevator,_LE4_Elevator,_LE5_Elevator,_LE6_Elevator,_LE7_Elevator,_LE8_Elevator,_LE9_Elevator,_LE10_Elevator,_LE11_Elevator,_LE12_Elevator,_LE13_Elevator,_LE14_Elevator,_LE15_Elevator,_LE16_Elevator,_LE17_Elevator,_LE18_Elevator,_LE19_Elevator,_LE20_Elevator,_LE21_Elevator,_LE22_Elevator,_LE23_Elevator,_LE24_Elevator,_LE25_Elevator,_LE26_Elevator,_LE27_Elevator,_LE28_Elevator,_LVF0_Elevator,_LE29_Elevator,_LVF2_Elevator,_LVF3_Elevator,_LVF4_Elevator,_LVF5_Elevator,_LVF6_Elevator,_L0_Elevator,_L1_Elevator,_L2_Elevator,_L3_Elevator
   + [1] B<00E4F7D0> <_C_1_KeepDoorOpen> unexp KeepDoorOpen (00ED16C0) {_C_1_KeepDoorOpen}
      3 local(s): _L1_Elevator,_L2_Elevator,_L17_Elevator
==========================
0: guiControlData : guiControlData (Elevator.lus:185)
1: guDisplayData : guDisplayData (Elevator.lus:186)
2: _L5_Elevator : _L5_Elevator (Elevator.lus:189)
3: _L9_Elevator : _L9_Elevator (Elevator.lus:190)
4: _L15_Elevator : _L15_Elevator (Elevator.lus:191)
5: _L16_Elevator : _L16_Elevator (Elevator.lus:192)
6: _L17_Elevator : _L17_Elevator (Elevator.lus:193)
7: _L18_Elevator : _L18_Elevator (Elevator.lus:194)
8: _L19_Elevator : _L19_Elevator (Elevator.lus:195)
9: _L20_Elevator : _L20_Elevator (Elevator.lus:196)
10: _L23_Elevator : _L23_Elevator (Elevator.lus:198)
11: _L24_Elevator : _L24_Elevator (Elevator.lus:199)
12: _L25_Elevator : _L25_Elevator (Elevator.lus:200)
13: _L28_Elevator : _L28_Elevator (Elevator.lus:201)
14: _L27_Elevator : _L27_Elevator (Elevator.lus:202)
15: _L26_Elevator : _L26_Elevator (Elevator.lus:203)
16: _L33_Elevator : _L33_Elevator (Elevator.lus:204)
17: Second 1/Second : _C_1_Second.Second (Elevator.lus:277)
18: Second 1/_L2_Elevator : _C_1_Second._L2_Elevator (Elevator.lus:280)
19: Second 1/_L3_Elevator : _C_1_Second._L3_Elevator (Elevator.lus:281)
20: Second 1/_L4_Elevator : _C_1_Second._L4_Elevator (Elevator.lus:282)
21: Second 1/ClockCounter 1/Reset : _C_1_Second._C_1_ClockCounter.Reset (Elevator.lus:22)
22: Second 1/ClockCounter 1/Count : _C_1_Second._C_1_ClockCounter.Count (Elevator.lus:23)
23: Second 1/ClockCounter 1/_L1_Elevator : _C_1_Second._C_1_ClockCounter._L1_Elevator (Elevator.lus:26)
24: Second 1/ClockCounter 1/_L2_Elevator : _C_1_Second._C_1_ClockCounter._L2_Elevator (Elevator.lus:27)
25: Second 1/ClockCounter 1/_L7_Elevator : _C_1_Second._C_1_ClockCounter._L7_Elevator (Elevator.lus:29)
26: Second 1/ClockCounter 1/_L8_Elevator : _C_1_Second._C_1_ClockCounter._L8_Elevator (Elevator.lus:30)
27: Second 1/ClockCounter 1/_L11_Elevator : _C_1_Second._C_1_ClockCounter._L11_Elevator (Elevator.lus:31)
28: Second 1/ClockCounter 1/_L13_Elevator : _C_1_Second._C_1_ClockCounter._L13_Elevator (Elevator.lus:32)
29: Second 1/ClockCounter 1/_L16_Elevator : _C_1_Second._C_1_ClockCounter._L16_Elevator (Elevator.lus:33)
30: Position 1/Motor : _C_1_Position.Motor (Elevator.lus:258)
31: Position 1/Position : _C_1_Position.Position (Elevator.lus:259)
32: Position 1/_L2_Elevator : _C_1_Position._L2_Elevator (Elevator.lus:263)
33: Controller 1/ButtonUp : _C_1_Controller.ButtonUp (Elevator.lus:58)
34: Controller 1/ButtonDown : _C_1_Controller.ButtonDown (Elevator.lus:58)
35: Controller 1/ButtonAlarm : _C_1_Controller.ButtonAlarm (Elevator.lus:59)
36: Controller 1/Second : _C_1_Controller.Second (Elevator.lus:59)
37: Controller 1/IsUp : _C_1_Controller.IsUp (Elevator.lus:59)
38: Controller 1/IsDown : _C_1_Controller.IsDown (Elevator.lus:60)
39: Controller 1/Move : _C_1_Controller.Move (Elevator.lus:61)
40: Controller 1/AlarmLamp : _C_1_Controller.AlarmLamp (Elevator.lus:61)
41: Controller 1/OpenDoor : _C_1_Controller.OpenDoor (Elevator.lus:62)
42: Controller 1/_LE0_Elevator : _C_1_Controller._LE0_Elevator (Elevator.lus:65)
43: Controller 1/_LE3_Elevator : _C_1_Controller._LE3_Elevator (Elevator.lus:68)
44: Controller 1/_LE4_Elevator : _C_1_Controller._LE4_Elevator (Elevator.lus:69)
45: Controller 1/_LE6_Elevator : _C_1_Controller._LE6_Elevator (Elevator.lus:71)
46: Controller 1/_LE7_Elevator : _C_1_Controller._LE7_Elevator (Elevator.lus:72)
47: Controller 1/_LE8_Elevator : _C_1_Controller._LE8_Elevator (Elevator.lus:73)
48: Controller 1/_LE9_Elevator : _C_1_Controller._LE9_Elevator (Elevator.lus:74)
49: Controller 1/_LE10_Elevator : _C_1_Controller._LE10_Elevator (Elevator.lus:75)
50: Controller 1/_LE11_Elevator : _C_1_Controller._LE11_Elevator (Elevator.lus:76)
51: Controller 1/_LE12_Elevator : _C_1_Controller._LE12_Elevator (Elevator.lus:77)
52: Controller 1/_LE13_Elevator : _C_1_Controller._LE13_Elevator (Elevator.lus:78)
53: Controller 1/_LE14_Elevator : _C_1_Controller._LE14_Elevator (Elevator.lus:79)
54: Controller 1/_LE15_Elevator : _C_1_Controller._LE15_Elevator (Elevator.lus:80)
55: Controller 1/_LE16_Elevator : _C_1_Controller._LE16_Elevator (Elevator.lus:81)
56: Controller 1/_LE17_Elevator : _C_1_Controller._LE17_Elevator (Elevator.lus:82)
57: Controller 1/_LE18_Elevator : _C_1_Controller._LE18_Elevator (Elevator.lus:83)
58: Controller 1/_LE19_Elevator : _C_1_Controller._LE19_Elevator (Elevator.lus:84)
59: Controller 1/_LE20_Elevator : _C_1_Controller._LE20_Elevator (Elevator.lus:85)
60: Controller 1/_LE21_Elevator : _C_1_Controller._LE21_Elevator (Elevator.lus:86)
61: Controller 1/_LE22_Elevator : _C_1_Controller._LE22_Elevator (Elevator.lus:87)
62: Controller 1/_LE23_Elevator : _C_1_Controller._LE23_Elevator (Elevator.lus:88)
63: Controller 1/_LE24_Elevator : _C_1_Controller._LE24_Elevator (Elevator.lus:89)
64: Controller 1/_LE25_Elevator : _C_1_Controller._LE25_Elevator (Elevator.lus:90)
65: Controller 1/_LE26_Elevator : _C_1_Controller._LE26_Elevator (Elevator.lus:91)
66: Controller 1/_LE27_Elevator : _C_1_Controller._LE27_Elevator (Elevator.lus:92)
67: Controller 1/_LE28_Elevator : _C_1_Controller._LE28_Elevator (Elevator.lus:93)
68: Controller 1/_LVF0_Elevator : _C_1_Controller._LVF0_Elevator (Elevator.lus:94)
69: Controller 1/_LE29_Elevator : _C_1_Controller._LE29_Elevator (Elevator.lus:95)
70: Controller 1/_LVF2_Elevator : _C_1_Controller._LVF2_Elevator (Elevator.lus:96)
71: Controller 1/_LVF4_Elevator : _C_1_Controller._LVF4_Elevator (Elevator.lus:98)
72: Controller 1/_LVF5_Elevator : _C_1_Controller._LVF5_Elevator (Elevator.lus:99)
73: Controller 1/_LVF6_Elevator : _C_1_Controller._LVF6_Elevator (Elevator.lus:100)
74: KeepDoorOpen 1/Second : _C_1_KeepDoorOpen.Second (Elevator.lus:237)
75: KeepDoorOpen 1/OpenDoor : _C_1_KeepDoorOpen.OpenDoor (Elevator.lus:237)
76: KeepDoorOpen 1/DoorIsOpen : _C_1_KeepDoorOpen.DoorIsOpen (Elevator.lus:238)
77: KeepDoorOpen 1/_L1_Elevator : _C_1_KeepDoorOpen._L1_Elevator (Elevator.lus:241)
78: KeepDoorOpen 1/_L2_Elevator : _C_1_KeepDoorOpen._L2_Elevator (Elevator.lus:242)
79: KeepDoorOpen 1/_L17_Elevator : _C_1_KeepDoorOpen._L17_Elevator (Elevator.lus:243)
-------- End (Tuesday, 16 January 2007, 14:24:28) ---------
